<?xml version="1.0" encoding="UTF-8"?>
<!-- Generated by org.testng.reporters.JUnitReportReporter -->
<testsuite hostname="Nilesh" failures="0" tests="7" name="TestClass.InventoryPageTest" time="18.220" errors="0" timestamp="2022-11-11T13:51:55 IST" skipped="5">
  <testcase classname="TestClass.InventoryPageTest" name="FaceBookLogoTest" time="12.915"/>
  <system-out/>
  <testcase classname="TestClass.InventoryPageTest" name="LinkdinlogoTest" time="5.305"/>
  <system-out/>
  <testcase classname="TestClass.InventoryPageTest" name="add6ProductTest">
    <skipped/>
  </testcase> <!-- add6ProductTest -->
  <system-out/>
  <testcase classname="TestClass.InventoryPageTest" name="verifyBigLogoTest">
    <skipped/>
  </testcase> <!-- verifyBigLogoTest -->
  <system-out/>
  <testcase classname="TestClass.InventoryPageTest" name="cart1Test">
    <skipped/>
  </testcase> <!-- cart1Test -->
  <system-out/>
  <testcase classname="TestClass.InventoryPageTest" name="verifySmalllogo1Test">
    <skipped/>
  </testcase> <!-- verifySmalllogo1Test -->
  <system-out/>
  <testcase classname="TestClass.InventoryPageTest" name="TweeterLogoTest">
    <skipped/>
  </testcase> <!-- TweeterLogoTest -->
  <system-out/>
</testsuite> <!-- TestClass.InventoryPageTest -->
