<?xml version="1.0" encoding="UTF-8"?>
<!-- Generated by org.testng.reporters.JUnitReportReporter -->
<testsuite hostname="Nilesh" failures="0" tests="3" name="TestClass.Page4Test" time="20.854" errors="0" timestamp="2022-10-20T17:26:32 IST" skipped="2">
  <testcase classname="TestClass.Page4Test" name="Checkoutstep2Test" time="20.854"/>
  <system-out/>
  <testcase classname="TestClass.Page4Test" name="currenturlTest">
    <skipped/>
  </testcase> <!-- currenturlTest -->
  <system-out/>
  <testcase classname="TestClass.Page4Test" name="SmallLogo1Test">
    <skipped/>
  </testcase> <!-- SmallLogo1Test -->
  <system-out/>
</testsuite> <!-- TestClass.Page4Test -->
