<?xml version="1.0" encoding="UTF-8"?>
<!-- Generated by org.testng.reporters.JUnitReportReporter -->
<testsuite hostname="Nilesh" failures="0" tests="7" name="TestClass.DemoFail" time="116.928" errors="0" timestamp="2022-11-10T13:27:18 IST" skipped="0">
  <testcase classname="TestClass.DemoFail" name="headerTest" time="20.158"/>
  <system-out/>
  <testcase classname="TestClass.DemoFail" name="textlabelTest" time="20.216"/>
  <system-out/>
  <testcase classname="TestClass.DemoFail" name="finbtnTest" time="20.087"/>
  <system-out/>
  <testcase classname="TestClass.DemoFail" name="checklabelTest" time="20.526"/>
  <system-out/>
  <testcase classname="TestClass.DemoFail" name="smalllogoTest" time="4.389"/>
  <system-out/>
  <testcase classname="TestClass.DemoFail" name="biglogoTest" time="25.562"/>
  <system-out/>
  <testcase classname="TestClass.DemoFail" name="currenturlTest" time="5.990"/>
  <system-out/>
</testsuite> <!-- TestClass.DemoFail -->
