<?xml version="1.0" encoding="UTF-8"?>
<!-- Generated by org.testng.reporters.JUnitReportReporter -->
<testsuite hostname="Nilesh" failures="0" tests="9" name="TestClass.CheckOutP5Test" time="171.962" errors="0" timestamp="2022-11-10T13:17:12 IST" skipped="0">
  <testcase classname="TestClass.CheckOutP5Test" name="qtydiTest" time="3.610"/>
  <system-out/>
  <testcase classname="TestClass.CheckOutP5Test" name="itemTest" time="19.952"/>
  <system-out/>
  <testcase classname="TestClass.CheckOutP5Test" name="verifycurrentUrlTest" time="20.812"/>
  <system-out/>
  <testcase classname="TestClass.CheckOutP5Test" name="finbtnTest" time="7.589"/>
  <system-out/>
  <testcase classname="TestClass.CheckOutP5Test" name="payinfoTest" time="21.842"/>
  <system-out/>
  <testcase classname="TestClass.CheckOutP5Test" name="taxTestTest" time="22.907"/>
  <system-out/>
  <testcase classname="TestClass.CheckOutP5Test" name="payiswascardnfoTest" time="25.354"/>
  <system-out/>
  <testcase classname="TestClass.CheckOutP5Test" name="verifylebel1checkTest" time="24.683"/>
  <system-out/>
  <testcase classname="TestClass.CheckOutP5Test" name="ponyTest" time="25.213"/>
  <system-out/>
</testsuite> <!-- TestClass.CheckOutP5Test -->
