<?xml version="1.0" encoding="UTF-8"?>
<!-- Generated by org.testng.reporters.JUnitReportReporter -->
<testsuite hostname="Nilesh" failures="0" tests="4" name="TestClass.LoginPageTest" time="37.532" errors="0" timestamp="2022-11-10T12:57:51 IST" skipped="0">
  <testcase classname="TestClass.LoginPageTest" name="VerifyUrlTest" time="24.849"/>
  <system-out/>
  <testcase classname="TestClass.LoginPageTest" name="verifyTitleTest" time="3.731"/>
  <system-out/>
  <testcase classname="TestClass.LoginPageTest" name="loginToApp2Test" time="4.958"/>
  <system-out/>
  <testcase classname="TestClass.LoginPageTest" name="loginApp1Test" time="3.994"/>
  <system-out/>
</testsuite> <!-- TestClass.LoginPageTest -->
